C51 COMPILER V9.60.0.0   7SEQ                                                              11/20/2020 13:41:21 PAGE 1   


C51 COMPILER V9.60.0.0, COMPILATION OF MODULE 7SEQ
OBJECT MODULE PLACED IN .\Objects\7seq.obj
COMPILER INVOKED BY: D:\Keil_v5\C51\BIN\C51.EXE 7seq.c OPTIMIZE(8,SPEED) BROWSE DEBUG OBJECTEXTEND PRINT(.\Listings\7seq
                    -.lst) TABS(2) OBJECT(.\Objects\7seq.obj)

line level    source

   1          #include <REGX51.H>
   2          
   3          void delay(int time){
   4   1        while (time--);
   5   1      }
   6            
   7          void main(){
   8   1          while (1){
   9   2            P0_6 = 1;
  10   2            P0_0 = P0_1 = P0_2 = P0_3 = P0_4 = P0_5 = 0;
  11   2            
  12   2          }
  13   1      }


MODULE INFORMATION:   STATIC OVERLAYABLE
   CODE SIZE        =     27    ----
   CONSTANT SIZE    =   ----    ----
   XDATA SIZE       =   ----    ----
   PDATA SIZE       =   ----    ----
   DATA SIZE        =   ----    ----
   IDATA SIZE       =   ----    ----
   BIT SIZE         =   ----    ----
END OF MODULE INFORMATION.


C51 COMPILATION COMPLETE.  0 WARNING(S),  0 ERROR(S)
